OpenROAD v2.0-7374-ge18c0d570 
This program is licensed under the BSD-3 license. See the LICENSE file for details.
Components of this program may be licensed under more restrictive licenses which must be honored.
[WARNING STA-0164] ./platforms/asap7/lib/asap7sc7p5t_SIMPLE_SLVT_FF_nldm_211120.lib.gz line 13156, timing group from output port.
[WARNING STA-0164] ./platforms/asap7/lib/asap7sc7p5t_SIMPLE_SLVT_FF_nldm_211120.lib.gz line 13189, timing group from output port.
[WARNING STA-0164] ./platforms/asap7/lib/asap7sc7p5t_SIMPLE_SLVT_FF_nldm_211120.lib.gz line 13222, timing group from output port.
[WARNING STA-0164] ./platforms/asap7/lib/asap7sc7p5t_SIMPLE_SLVT_FF_nldm_211120.lib.gz line 13255, timing group from output port.
[WARNING STA-0164] ./platforms/asap7/lib/asap7sc7p5t_SIMPLE_SLVT_FF_nldm_211120.lib.gz line 13288, timing group from output port.
[WARNING STA-0164] ./platforms/asap7/lib/asap7sc7p5t_SIMPLE_SLVT_FF_nldm_211120.lib.gz line 13321, timing group from output port.
[WARNING STA-0164] ./platforms/asap7/lib/asap7sc7p5t_SIMPLE_SLVT_FF_nldm_211120.lib.gz line 13354, timing group from output port.
[WARNING STA-0164] ./platforms/asap7/lib/asap7sc7p5t_SIMPLE_SLVT_FF_nldm_211120.lib.gz line 14748, timing group from output port.
[WARNING STA-0164] ./platforms/asap7/lib/asap7sc7p5t_SIMPLE_SLVT_FF_nldm_211120.lib.gz line 14781, timing group from output port.
[WARNING STA-0164] ./platforms/asap7/lib/asap7sc7p5t_SIMPLE_SLVT_FF_nldm_211120.lib.gz line 14814, timing group from output port.
Found 0 macro blocks.
Using 1u default distance from corners.
Using 2 tracks default min distance between IO pins.
[INFO PPL-0010] Tentative 0 to set up sections.
[INFO PPL-0001] Number of slots          324
[INFO PPL-0002] Number of I/O            13
[INFO PPL-0003] Number of I/O w/sink     13
[INFO PPL-0004] Number of I/O w/o sink   0
[INFO PPL-0005] Slots per section        200
[INFO PPL-0006] Slots increase factor    0.01
[INFO PPL-0008] Successfully assigned pins to sections.
[INFO PPL-0012] I/O nets HPWL: 44.12 um.
Elapsed time: 0:01.41[h:]min:sec. CPU time: user 1.33 sys 0.08 (100%). Peak memory: 183748KB.
