OpenROAD v2.0-7374-ge18c0d570 
This program is licensed under the BSD-3 license. See the LICENSE file for details.
Components of this program may be licensed under more restrictive licenses which must be honored.
[WARNING STA-0164] ./platforms/asap7/lib/asap7sc7p5t_SIMPLE_SLVT_FF_nldm_211120.lib.gz line 13156, timing group from output port.
[WARNING STA-0164] ./platforms/asap7/lib/asap7sc7p5t_SIMPLE_SLVT_FF_nldm_211120.lib.gz line 13189, timing group from output port.
[WARNING STA-0164] ./platforms/asap7/lib/asap7sc7p5t_SIMPLE_SLVT_FF_nldm_211120.lib.gz line 13222, timing group from output port.
[WARNING STA-0164] ./platforms/asap7/lib/asap7sc7p5t_SIMPLE_SLVT_FF_nldm_211120.lib.gz line 13255, timing group from output port.
[WARNING STA-0164] ./platforms/asap7/lib/asap7sc7p5t_SIMPLE_SLVT_FF_nldm_211120.lib.gz line 13288, timing group from output port.
[WARNING STA-0164] ./platforms/asap7/lib/asap7sc7p5t_SIMPLE_SLVT_FF_nldm_211120.lib.gz line 13321, timing group from output port.
[WARNING STA-0164] ./platforms/asap7/lib/asap7sc7p5t_SIMPLE_SLVT_FF_nldm_211120.lib.gz line 13354, timing group from output port.
[WARNING STA-0164] ./platforms/asap7/lib/asap7sc7p5t_SIMPLE_SLVT_FF_nldm_211120.lib.gz line 14748, timing group from output port.
[WARNING STA-0164] ./platforms/asap7/lib/asap7sc7p5t_SIMPLE_SLVT_FF_nldm_211120.lib.gz line 14781, timing group from output port.
[WARNING STA-0164] ./platforms/asap7/lib/asap7sc7p5t_SIMPLE_SLVT_FF_nldm_211120.lib.gz line 14814, timing group from output port.

==========================================================================
resizer pre check_setup
--------------------------------------------------------------------------
Warning: There are 11 input ports missing set_input_delay.
Warning: There is 1 output port missing set_output_delay.
Warning: There are 8 unclocked register/latch pins.
Warning: There are 9 unconstrained endpoints.

==========================================================================
resizer pre report_tns
--------------------------------------------------------------------------
tns 0.00

==========================================================================
resizer pre report_wns
--------------------------------------------------------------------------
wns 0.00

==========================================================================
resizer pre report_worst_slack
--------------------------------------------------------------------------
worst slack 41.61

==========================================================================
resizer pre report_checks -path_delay min
--------------------------------------------------------------------------
Startpoint: _254_ (falling edge-triggered flip-flop clocked by clk')
Endpoint: _272_ (falling edge-triggered flip-flop clocked by clk')
Path Group: clk
Path Type: min

Fanout     Cap    Slew   Delay    Time   Description
-----------------------------------------------------------------------------
                  0.00    0.00    0.00   clock clk' (fall edge)
                          0.00    0.00   clock network delay (ideal)
                  0.00    0.00    0.00 v _254_/CLK (DFFLQNx1_ASAP7_75t_SL)
                 11.48   23.90   23.90 v _254_/QN (DFFLQNx1_ASAP7_75t_SL)
     1    0.89                           _027_ (net)
                 11.48    0.03   23.93 v _149_/C (AND3x1_ASAP7_75t_SL)
                  7.07   10.69   34.63 v _149_/Y (AND3x1_ASAP7_75t_SL)
     1    1.21                           _122_ (net)
                  7.07    0.01   34.64 v _152_/A (NOR2x1_ASAP7_75t_SL)
                  7.78    5.35   39.99 ^ _152_/Y (NOR2x1_ASAP7_75t_SL)
     1    0.93                           _047_ (net)
                  7.78    0.04   40.03 ^ _272_/D (DFFLQNx1_ASAP7_75t_SL)
                                 40.03   data arrival time

                  0.00    0.00    0.00   clock clk' (fall edge)
                          0.00    0.00   clock network delay (ideal)
                          0.00    0.00   clock reconvergence pessimism
                                  0.00 v _272_/CLK (DFFLQNx1_ASAP7_75t_SL)
                          6.82    6.82   library hold time
                                  6.82   data required time
-----------------------------------------------------------------------------
                                  6.82   data required time
                                -40.03   data arrival time
-----------------------------------------------------------------------------
                                 33.21   slack (MET)



==========================================================================
resizer pre report_checks -path_delay max
--------------------------------------------------------------------------
Startpoint: _270_ (falling edge-triggered flip-flop clocked by clk')
Endpoint: _256_ (falling edge-triggered flip-flop clocked by clk')
Path Group: clk
Path Type: max

Fanout     Cap    Slew   Delay    Time   Description
-----------------------------------------------------------------------------
                  0.00    0.00    0.00   clock clk' (fall edge)
                          0.00    0.00   clock network delay (ideal)
                  0.00    0.00    0.00 v _270_/CLK (DFFLQNx1_ASAP7_75t_SL)
                 20.51   28.87   28.87 ^ _270_/QN (DFFLQNx1_ASAP7_75t_SL)
     2    2.70                           _011_ (net)
                 20.51    0.15   29.03 ^ _161_/B (NAND2x1_ASAP7_75t_SL)
                  8.37    3.54   32.56 v _161_/Y (NAND2x1_ASAP7_75t_SL)
     1    0.49                           _131_ (net)
                  8.37    0.00   32.56 v _162_/B (OA211x2_ASAP7_75t_SL)
                 10.63   19.57   52.14 v _162_/Y (OA211x2_ASAP7_75t_SL)
     1    0.90                           _031_ (net)
                 10.63    0.03   52.17 v _256_/D (DFFLQNx1_ASAP7_75t_SL)
                                 52.17   data arrival time

                  0.00  100.00  100.00   clock clk' (fall edge)
                          0.00  100.00   clock network delay (ideal)
                          0.00  100.00   clock reconvergence pessimism
                                100.00 v _256_/CLK (DFFLQNx1_ASAP7_75t_SL)
                         -6.22   93.78   library setup time
                                 93.78   data required time
-----------------------------------------------------------------------------
                                 93.78   data required time
                                -52.17   data arrival time
-----------------------------------------------------------------------------
                                 41.61   slack (MET)



==========================================================================
resizer pre report_checks -unconstrained
--------------------------------------------------------------------------
Startpoint: _270_ (falling edge-triggered flip-flop clocked by clk')
Endpoint: _256_ (falling edge-triggered flip-flop clocked by clk')
Path Group: clk
Path Type: max

Fanout     Cap    Slew   Delay    Time   Description
-----------------------------------------------------------------------------
                  0.00    0.00    0.00   clock clk' (fall edge)
                          0.00    0.00   clock network delay (ideal)
                  0.00    0.00    0.00 v _270_/CLK (DFFLQNx1_ASAP7_75t_SL)
                 20.51   28.87   28.87 ^ _270_/QN (DFFLQNx1_ASAP7_75t_SL)
     2    2.70                           _011_ (net)
                 20.51    0.15   29.03 ^ _161_/B (NAND2x1_ASAP7_75t_SL)
                  8.37    3.54   32.56 v _161_/Y (NAND2x1_ASAP7_75t_SL)
     1    0.49                           _131_ (net)
                  8.37    0.00   32.56 v _162_/B (OA211x2_ASAP7_75t_SL)
                 10.63   19.57   52.14 v _162_/Y (OA211x2_ASAP7_75t_SL)
     1    0.90                           _031_ (net)
                 10.63    0.03   52.17 v _256_/D (DFFLQNx1_ASAP7_75t_SL)
                                 52.17   data arrival time

                  0.00  100.00  100.00   clock clk' (fall edge)
                          0.00  100.00   clock network delay (ideal)
                          0.00  100.00   clock reconvergence pessimism
                                100.00 v _256_/CLK (DFFLQNx1_ASAP7_75t_SL)
                         -6.22   93.78   library setup time
                                 93.78   data required time
-----------------------------------------------------------------------------
                                 93.78   data required time
                                -52.17   data arrival time
-----------------------------------------------------------------------------
                                 41.61   slack (MET)



==========================================================================
resizer pre report_design_area
--------------------------------------------------------------------------
Design area 18 u^2 31% utilization.


==========================================================================
instance_count
--------------------------------------------------------------------------
187

==========================================================================
pin_count
--------------------------------------------------------------------------
447

Perform port buffering...
[INFO RSZ-0027] Inserted 11 input buffers.
[INFO RSZ-0028] Inserted 1 output buffers.
Perform buffer insertion...
[INFO RSZ-0058] Using max wire length 139um.
[INFO RSZ-0039] Resized 24 instances.
Repair tie lo fanout...
Repair tie hi fanout...

==========================================================================
report_floating_nets
--------------------------------------------------------------------------

==========================================================================
resizer check_setup
--------------------------------------------------------------------------
Warning: There are 11 input ports missing set_input_delay.
Warning: There is 1 output port missing set_output_delay.
Warning: There are 8 unclocked register/latch pins.
Warning: There are 9 unconstrained endpoints.

==========================================================================
resizer report_tns
--------------------------------------------------------------------------
tns 0.00

==========================================================================
resizer report_wns
--------------------------------------------------------------------------
wns 0.00

==========================================================================
resizer report_worst_slack
--------------------------------------------------------------------------
worst slack 41.60

==========================================================================
resizer report_checks -path_delay min
--------------------------------------------------------------------------
Startpoint: _272_ (falling edge-triggered flip-flop clocked by clk')
Endpoint: _272_ (falling edge-triggered flip-flop clocked by clk')
Path Group: clk
Path Type: min

Fanout     Cap    Slew   Delay    Time   Description
-----------------------------------------------------------------------------
                  0.00    0.00    0.00   clock clk' (fall edge)
                          0.00    0.00   clock network delay (ideal)
                  0.00    0.00    0.00 v _272_/CLK (DFFLQNx1_ASAP7_75t_SL)
                 14.66   26.15   26.15 v _272_/QN (DFFLQNx1_ASAP7_75t_SL)
     2    1.61                           _009_ (net)
                 14.66    0.03   26.18 v _151_/B (OA21x2_ASAP7_75t_SL)
                  5.74   10.62   36.80 v _151_/Y (OA21x2_ASAP7_75t_SL)
     1    1.24                           _124_ (net)
                  5.74    0.01   36.81 v _152_/B (NOR2x1_ASAP7_75t_SL)
                  7.79    4.91   41.73 ^ _152_/Y (NOR2x1_ASAP7_75t_SL)
     1    0.93                           _047_ (net)
                  7.79    0.04   41.76 ^ _272_/D (DFFLQNx1_ASAP7_75t_SL)
                                 41.76   data arrival time

                  0.00    0.00    0.00   clock clk' (fall edge)
                          0.00    0.00   clock network delay (ideal)
                          0.00    0.00   clock reconvergence pessimism
                                  0.00 v _272_/CLK (DFFLQNx1_ASAP7_75t_SL)
                          6.82    6.82   library hold time
                                  6.82   data required time
-----------------------------------------------------------------------------
                                  6.82   data required time
                                -41.76   data arrival time
-----------------------------------------------------------------------------
                                 34.95   slack (MET)



==========================================================================
resizer report_checks -path_delay max
--------------------------------------------------------------------------
Startpoint: _270_ (falling edge-triggered flip-flop clocked by clk')
Endpoint: _256_ (falling edge-triggered flip-flop clocked by clk')
Path Group: clk
Path Type: max

Fanout     Cap    Slew   Delay    Time   Description
-----------------------------------------------------------------------------
                  0.00    0.00    0.00   clock clk' (fall edge)
                          0.00    0.00   clock network delay (ideal)
                  0.00    0.00    0.00 v _270_/CLK (DFFLQNx1_ASAP7_75t_SL)
                 20.51   28.87   28.87 ^ _270_/QN (DFFLQNx1_ASAP7_75t_SL)
     2    2.70                           _011_ (net)
                 20.51    0.15   29.03 ^ _161_/B (NAND2x1_ASAP7_75t_SL)
                  8.37    3.54   32.56 v _161_/Y (NAND2x1_ASAP7_75t_SL)
     1    0.49                           _131_ (net)
                  8.37    0.00   32.56 v _162_/B (OA211x2_ASAP7_75t_SL)
                 10.66   19.57   52.14 v _162_/Y (OA211x2_ASAP7_75t_SL)
     1    0.90                           _031_ (net)
                 10.66    0.03   52.17 v _256_/D (DFFLQNx1_ASAP7_75t_SL)
                                 52.17   data arrival time

                  0.00  100.00  100.00   clock clk' (fall edge)
                          0.00  100.00   clock network delay (ideal)
                          0.00  100.00   clock reconvergence pessimism
                                100.00 v _256_/CLK (DFFLQNx1_ASAP7_75t_SL)
                         -6.23   93.77   library setup time
                                 93.77   data required time
-----------------------------------------------------------------------------
                                 93.77   data required time
                                -52.17   data arrival time
-----------------------------------------------------------------------------
                                 41.60   slack (MET)



==========================================================================
resizer report_checks -unconstrained
--------------------------------------------------------------------------
Startpoint: _270_ (falling edge-triggered flip-flop clocked by clk')
Endpoint: _256_ (falling edge-triggered flip-flop clocked by clk')
Path Group: clk
Path Type: max

Fanout     Cap    Slew   Delay    Time   Description
-----------------------------------------------------------------------------
                  0.00    0.00    0.00   clock clk' (fall edge)
                          0.00    0.00   clock network delay (ideal)
                  0.00    0.00    0.00 v _270_/CLK (DFFLQNx1_ASAP7_75t_SL)
                 20.51   28.87   28.87 ^ _270_/QN (DFFLQNx1_ASAP7_75t_SL)
     2    2.70                           _011_ (net)
                 20.51    0.15   29.03 ^ _161_/B (NAND2x1_ASAP7_75t_SL)
                  8.37    3.54   32.56 v _161_/Y (NAND2x1_ASAP7_75t_SL)
     1    0.49                           _131_ (net)
                  8.37    0.00   32.56 v _162_/B (OA211x2_ASAP7_75t_SL)
                 10.66   19.57   52.14 v _162_/Y (OA211x2_ASAP7_75t_SL)
     1    0.90                           _031_ (net)
                 10.66    0.03   52.17 v _256_/D (DFFLQNx1_ASAP7_75t_SL)
                                 52.17   data arrival time

                  0.00  100.00  100.00   clock clk' (fall edge)
                          0.00  100.00   clock network delay (ideal)
                          0.00  100.00   clock reconvergence pessimism
                                100.00 v _256_/CLK (DFFLQNx1_ASAP7_75t_SL)
                         -6.23   93.77   library setup time
                                 93.77   data required time
-----------------------------------------------------------------------------
                                 93.77   data required time
                                -52.17   data arrival time
-----------------------------------------------------------------------------
                                 41.60   slack (MET)



==========================================================================
resizer report_check_types -max_slew -max_cap -max_fanout -violators
--------------------------------------------------------------------------

==========================================================================
resizer max_slew_check_slack
--------------------------------------------------------------------------
296.95526123046875

==========================================================================
resizer max_slew_check_limit
--------------------------------------------------------------------------
320.0

==========================================================================
resizer max_slew_check_slack_limit
--------------------------------------------------------------------------
0.9280

==========================================================================
resizer max_fanout_check_slack
--------------------------------------------------------------------------
1.0000000150474662e+30

==========================================================================
resizer max_fanout_check_limit
--------------------------------------------------------------------------
1.0000000150474662e+30

==========================================================================
resizer max_capacitance_check_slack
--------------------------------------------------------------------------
22.13165283203125

==========================================================================
resizer max_capacitance_check_limit
--------------------------------------------------------------------------
23.040000915527344

==========================================================================
resizer max_capacitance_check_slack_limit
--------------------------------------------------------------------------
0.9606

==========================================================================
resizer max_slew_violation_count
--------------------------------------------------------------------------
max slew violation count 0

==========================================================================
resizer max_fanout_violation_count
--------------------------------------------------------------------------
max fanout violation count 0

==========================================================================
resizer max_cap_violation_count
--------------------------------------------------------------------------
max cap violation count 0

==========================================================================
resizer setup_violation_count
--------------------------------------------------------------------------
setup violation count 0

==========================================================================
resizer hold_violation_count
--------------------------------------------------------------------------
hold violation count 0

==========================================================================
resizer critical path delay
--------------------------------------------------------------------------
52.1691

==========================================================================
resizer critical path slack
--------------------------------------------------------------------------
41.6046

==========================================================================
resizer slack div critical path delay
--------------------------------------------------------------------------
79.749507

==========================================================================
resizer report_design_area
--------------------------------------------------------------------------
Design area 20 u^2 34% utilization.


==========================================================================
instance_count
--------------------------------------------------------------------------
199

==========================================================================
pin_count
--------------------------------------------------------------------------
471

Elapsed time: 0:01.53[h:]min:sec. CPU time: user 1.43 sys 0.09 (99%). Peak memory: 191212KB.
