OpenROAD v2.0-7374-ge18c0d570 
This program is licensed under the BSD-3 license. See the LICENSE file for details.
Components of this program may be licensed under more restrictive licenses which must be honored.
[WARNING STA-0164] ./platforms/asap7/lib/asap7sc7p5t_SIMPLE_SLVT_FF_nldm_211120.lib.gz line 13156, timing group from output port.
[WARNING STA-0164] ./platforms/asap7/lib/asap7sc7p5t_SIMPLE_SLVT_FF_nldm_211120.lib.gz line 13189, timing group from output port.
[WARNING STA-0164] ./platforms/asap7/lib/asap7sc7p5t_SIMPLE_SLVT_FF_nldm_211120.lib.gz line 13222, timing group from output port.
[WARNING STA-0164] ./platforms/asap7/lib/asap7sc7p5t_SIMPLE_SLVT_FF_nldm_211120.lib.gz line 13255, timing group from output port.
[WARNING STA-0164] ./platforms/asap7/lib/asap7sc7p5t_SIMPLE_SLVT_FF_nldm_211120.lib.gz line 13288, timing group from output port.
[WARNING STA-0164] ./platforms/asap7/lib/asap7sc7p5t_SIMPLE_SLVT_FF_nldm_211120.lib.gz line 13321, timing group from output port.
[WARNING STA-0164] ./platforms/asap7/lib/asap7sc7p5t_SIMPLE_SLVT_FF_nldm_211120.lib.gz line 13354, timing group from output port.
[WARNING STA-0164] ./platforms/asap7/lib/asap7sc7p5t_SIMPLE_SLVT_FF_nldm_211120.lib.gz line 14748, timing group from output port.
[WARNING STA-0164] ./platforms/asap7/lib/asap7sc7p5t_SIMPLE_SLVT_FF_nldm_211120.lib.gz line 14781, timing group from output port.
[WARNING STA-0164] ./platforms/asap7/lib/asap7sc7p5t_SIMPLE_SLVT_FF_nldm_211120.lib.gz line 14814, timing group from output port.
Placement Analysis
---------------------------------
total displacement         46.9 u
average displacement        0.2 u
max displacement            1.6 u
original HPWL             262.8 u
legalized HPWL            296.5 u
delta HPWL                   13 %

Detailed placement improvement.
Importing netlist into detailed improver.
[INFO DPO-0100] Creating network with 199 cells, 13 terminals, 155 edges and 484 pins.
[INFO DPO-0109] Network stats: inst 212, edges 155, pins 484
[INFO DPO-0110] Number of regions is 1
[INFO DPO-0401] Setting random seed to 1.
[INFO DPO-0402] Setting maximum displacement 5 1 to 1350 270 units.
[INFO DPO-0320] Collected 69 fixed cells (excluded terminal_NI).
[INFO DPO-0318] Collected 143 single height cells.
[INFO DPO-0321] Collected 0 wide cells.
[INFO DPO-0322] Image (1026, 1080) - (8694, 8640)
[INFO DPO-0310] Assigned 143 cells into segments.  Movement in X-direction is 0.000000, movement in Y-direction is 0.000000.
[INFO DPO-0313] Found 0 cells in wrong regions.
[INFO DPO-0315] Found 0 row alignment problems.
[INFO DPO-0314] Found 0 site alignment problems.
[INFO DPO-0311] Found 0 overlaps between adjacent cells.
[INFO DPO-0312] Found 0 edge spacing violations and 0 padding violations.
[INFO DPO-0303] Running algorithm for independent set matching.
[INFO DPO-0300] Set matching objective is wirelength.
[INFO DPO-0301] Pass   1 of matching; objective is 2.973270e+05.
[INFO DPO-0302] End of matching; objective is 2.965790e+05, improvement is 0.25 percent.
[INFO DPO-0303] Running algorithm for global swaps.
[INFO DPO-0306] Pass   1 of global swaps; hpwl is 2.809180e+05.
[INFO DPO-0306] Pass   2 of global swaps; hpwl is 2.771025e+05.
[INFO DPO-0306] Pass   3 of global swaps; hpwl is 2.771025e+05.
[INFO DPO-0307] End of global swaps; objective is 2.771025e+05, improvement is 6.57 percent.
[INFO DPO-0303] Running algorithm for vertical swaps.
[INFO DPO-0308] Pass   1 of vertical swaps; hpwl is 2.706910e+05.
[INFO DPO-0308] Pass   2 of vertical swaps; hpwl is 2.680405e+05.
[INFO DPO-0309] End of vertical swaps; objective is 2.680405e+05, improvement is 3.27 percent.
[INFO DPO-0303] Running algorithm for reordering.
[INFO DPO-0304] Pass   1 of reordering; objective is 2.668615e+05.
[INFO DPO-0305] End of reordering; objective is 2.668615e+05, improvement is 0.44 percent.
[INFO DPO-0303] Running algorithm for random improvement.
[INFO DPO-0324] Random improver is using displacement generator.
[INFO DPO-0325] Random improver is using hpwl objective.
[INFO DPO-0326] Random improver cost string is (a).
[INFO DPO-0332] End of pass, Generator displacement called 2860 times.
[INFO DPO-0335] Generator displacement, Cumulative attempts 2860, swaps 321, moves   762 since last reset.
[INFO DPO-0333] End of pass, Objective hpwl, Initial cost 2.668615e+05, Scratch cost 2.557095e+05, Incremental cost 2.557095e+05, Mismatch? N
[INFO DPO-0338] End of pass, Total cost is 2.557095e+05.
[INFO DPO-0327] Pass   1 of random improver; improvement in cost is 4.18 percent.
[INFO DPO-0332] End of pass, Generator displacement called 2860 times.
[INFO DPO-0335] Generator displacement, Cumulative attempts 5720, swaps 621, moves  1490 since last reset.
[INFO DPO-0333] End of pass, Objective hpwl, Initial cost 2.557095e+05, Scratch cost 2.479660e+05, Incremental cost 2.479660e+05, Mismatch? N
[INFO DPO-0338] End of pass, Total cost is 2.479660e+05.
[INFO DPO-0327] Pass   2 of random improver; improvement in cost is 3.03 percent.
[INFO DPO-0332] End of pass, Generator displacement called 2860 times.
[INFO DPO-0335] Generator displacement, Cumulative attempts 8580, swaps 966, moves  2184 since last reset.
[INFO DPO-0333] End of pass, Objective hpwl, Initial cost 2.479660e+05, Scratch cost 2.463350e+05, Incremental cost 2.463350e+05, Mismatch? N
[INFO DPO-0338] End of pass, Total cost is 2.463350e+05.
[INFO DPO-0327] Pass   3 of random improver; improvement in cost is 0.66 percent.
[INFO DPO-0328] End of random improver; improvement is 7.691818 percent.
[INFO DPO-0380] Cell flipping.
[INFO DPO-0382] Changed 77 cell orientations for row compatibility.
[INFO DPO-0383] Performed 26 cell flips.
[INFO DPO-0384] End of flipping; objective is 2.424425e+05, improvement is 1.58 percent.
[INFO DPO-0313] Found 0 cells in wrong regions.
[INFO DPO-0315] Found 0 row alignment problems.
[INFO DPO-0314] Found 0 site alignment problems.
[INFO DPO-0311] Found 0 overlaps between adjacent cells.
[INFO DPO-0312] Found 0 edge spacing violations and 0 padding violations.
Detailed Improvement Results
------------------------------------------
Original HPWL              296.5 u
Final HPWL                 240.9 u
Delta HPWL                 -18.7 %

[INFO DPL-0020] Mirrored 15 instances
[INFO DPL-0021] HPWL before             240.9 u
[INFO DPL-0022] HPWL after              240.7 u
[INFO DPL-0023] HPWL delta               -0.1 %
[INFO FLW-0012] Placement violations .

==========================================================================
detailed place check_setup
--------------------------------------------------------------------------
Warning: There are 11 input ports missing set_input_delay.
Warning: There is 1 output port missing set_output_delay.
Warning: There are 8 unclocked register/latch pins.
Warning: There are 9 unconstrained endpoints.

==========================================================================
detailed place report_tns
--------------------------------------------------------------------------
tns 0.00

==========================================================================
detailed place report_wns
--------------------------------------------------------------------------
wns 0.00

==========================================================================
detailed place report_worst_slack
--------------------------------------------------------------------------
worst slack 41.97

==========================================================================
detailed place report_checks -path_delay min
--------------------------------------------------------------------------
Startpoint: _272_ (falling edge-triggered flip-flop clocked by clk')
Endpoint: _272_ (falling edge-triggered flip-flop clocked by clk')
Path Group: clk
Path Type: min

Fanout     Cap    Slew   Delay    Time   Description
-----------------------------------------------------------------------------
                  0.00    0.00    0.00   clock clk' (fall edge)
                          0.00    0.00   clock network delay (ideal)
                  0.00    0.00    0.00 v _272_/CLK (DFFLQNx1_ASAP7_75t_SL)
                 14.64   26.16   26.16 v _272_/QN (DFFLQNx1_ASAP7_75t_SL)
     2    1.61                           _009_ (net)
                 14.64    0.03   26.18 v _151_/B (OA21x2_ASAP7_75t_SL)
                  5.83   10.67   36.85 v _151_/Y (OA21x2_ASAP7_75t_SL)
     1    1.28                           _124_ (net)
                  5.83    0.02   36.87 v _152_/B (NOR2x1_ASAP7_75t_SL)
                  7.75    4.90   41.77 ^ _152_/Y (NOR2x1_ASAP7_75t_SL)
     1    0.91                           _047_ (net)
                  7.76    0.03   41.80 ^ _272_/D (DFFLQNx1_ASAP7_75t_SL)
                                 41.80   data arrival time

                  0.00    0.00    0.00   clock clk' (fall edge)
                          0.00    0.00   clock network delay (ideal)
                          0.00    0.00   clock reconvergence pessimism
                                  0.00 v _272_/CLK (DFFLQNx1_ASAP7_75t_SL)
                          6.82    6.82   library hold time
                                  6.82   data required time
-----------------------------------------------------------------------------
                                  6.82   data required time
                                -41.80   data arrival time
-----------------------------------------------------------------------------
                                 34.98   slack (MET)



==========================================================================
detailed place report_checks -path_delay max
--------------------------------------------------------------------------
Startpoint: _268_ (falling edge-triggered flip-flop clocked by clk')
Endpoint: _254_ (falling edge-triggered flip-flop clocked by clk')
Path Group: clk
Path Type: max

Fanout     Cap    Slew   Delay    Time   Description
-----------------------------------------------------------------------------
                  0.00    0.00    0.00   clock clk' (fall edge)
                          0.00    0.00   clock network delay (ideal)
                  0.00    0.00    0.00 v _268_/CLK (DFFLQNx1_ASAP7_75t_SL)
                 19.69   28.46   28.46 ^ _268_/QN (DFFLQNx1_ASAP7_75t_SL)
     2    2.54                           _013_ (net)
                 19.69    0.07   28.54 ^ _154_/B (NAND2x1_ASAP7_75t_SL)
                  8.30    3.60   32.14 v _154_/Y (NAND2x1_ASAP7_75t_SL)
     1    0.51                           _126_ (net)
                  8.30    0.00   32.14 v _156_/B (OA211x2_ASAP7_75t_SL)
                 10.73   19.62   51.77 v _156_/Y (OA211x2_ASAP7_75t_SL)
     1    0.95                           _029_ (net)
                 10.73    0.04   51.81 v _254_/D (DFFLQNx2_ASAP7_75t_SL)
                                 51.81   data arrival time

                  0.00  100.00  100.00   clock clk' (fall edge)
                          0.00  100.00   clock network delay (ideal)
                          0.00  100.00   clock reconvergence pessimism
                                100.00 v _254_/CLK (DFFLQNx2_ASAP7_75t_SL)
                         -6.23   93.77   library setup time
                                 93.77   data required time
-----------------------------------------------------------------------------
                                 93.77   data required time
                                -51.81   data arrival time
-----------------------------------------------------------------------------
                                 41.97   slack (MET)



==========================================================================
detailed place report_checks -unconstrained
--------------------------------------------------------------------------
Startpoint: _268_ (falling edge-triggered flip-flop clocked by clk')
Endpoint: _254_ (falling edge-triggered flip-flop clocked by clk')
Path Group: clk
Path Type: max

Fanout     Cap    Slew   Delay    Time   Description
-----------------------------------------------------------------------------
                  0.00    0.00    0.00   clock clk' (fall edge)
                          0.00    0.00   clock network delay (ideal)
                  0.00    0.00    0.00 v _268_/CLK (DFFLQNx1_ASAP7_75t_SL)
                 19.69   28.46   28.46 ^ _268_/QN (DFFLQNx1_ASAP7_75t_SL)
     2    2.54                           _013_ (net)
                 19.69    0.07   28.54 ^ _154_/B (NAND2x1_ASAP7_75t_SL)
                  8.30    3.60   32.14 v _154_/Y (NAND2x1_ASAP7_75t_SL)
     1    0.51                           _126_ (net)
                  8.30    0.00   32.14 v _156_/B (OA211x2_ASAP7_75t_SL)
                 10.73   19.62   51.77 v _156_/Y (OA211x2_ASAP7_75t_SL)
     1    0.95                           _029_ (net)
                 10.73    0.04   51.81 v _254_/D (DFFLQNx2_ASAP7_75t_SL)
                                 51.81   data arrival time

                  0.00  100.00  100.00   clock clk' (fall edge)
                          0.00  100.00   clock network delay (ideal)
                          0.00  100.00   clock reconvergence pessimism
                                100.00 v _254_/CLK (DFFLQNx2_ASAP7_75t_SL)
                         -6.23   93.77   library setup time
                                 93.77   data required time
-----------------------------------------------------------------------------
                                 93.77   data required time
                                -51.81   data arrival time
-----------------------------------------------------------------------------
                                 41.97   slack (MET)



==========================================================================
detailed place report_check_types -max_slew -max_cap -max_fanout -violators
--------------------------------------------------------------------------

==========================================================================
detailed place max_slew_check_slack
--------------------------------------------------------------------------
296.9843444824219

==========================================================================
detailed place max_slew_check_limit
--------------------------------------------------------------------------
320.0

==========================================================================
detailed place max_slew_check_slack_limit
--------------------------------------------------------------------------
0.9281

==========================================================================
detailed place max_fanout_check_slack
--------------------------------------------------------------------------
1.0000000150474662e+30

==========================================================================
detailed place max_fanout_check_limit
--------------------------------------------------------------------------
1.0000000150474662e+30

==========================================================================
detailed place max_capacitance_check_slack
--------------------------------------------------------------------------
22.181516647338867

==========================================================================
detailed place max_capacitance_check_limit
--------------------------------------------------------------------------
23.040000915527344

==========================================================================
detailed place max_capacitance_check_slack_limit
--------------------------------------------------------------------------
0.9627

==========================================================================
detailed place max_slew_violation_count
--------------------------------------------------------------------------
max slew violation count 0

==========================================================================
detailed place max_fanout_violation_count
--------------------------------------------------------------------------
max fanout violation count 0

==========================================================================
detailed place max_cap_violation_count
--------------------------------------------------------------------------
max cap violation count 0

==========================================================================
detailed place setup_violation_count
--------------------------------------------------------------------------
setup violation count 0

==========================================================================
detailed place hold_violation_count
--------------------------------------------------------------------------
hold violation count 0

==========================================================================
detailed place critical path delay
--------------------------------------------------------------------------
51.8058

==========================================================================
detailed place critical path slack
--------------------------------------------------------------------------
41.9663

==========================================================================
detailed place slack div critical path delay
--------------------------------------------------------------------------
81.006953

==========================================================================
detailed place report_design_area
--------------------------------------------------------------------------
Design area 20 u^2 34% utilization.

Elapsed time: 0:01.46[h:]min:sec. CPU time: user 1.36 sys 0.08 (99%). Peak memory: 185412KB.
