OpenROAD v2.0-7374-ge18c0d570 
This program is licensed under the BSD-3 license. See the LICENSE file for details.
Components of this program may be licensed under more restrictive licenses which must be honored.
[WARNING STA-0164] ./platforms/asap7/lib/asap7sc7p5t_SIMPLE_SLVT_FF_nldm_211120.lib.gz line 13156, timing group from output port.
[WARNING STA-0164] ./platforms/asap7/lib/asap7sc7p5t_SIMPLE_SLVT_FF_nldm_211120.lib.gz line 13189, timing group from output port.
[WARNING STA-0164] ./platforms/asap7/lib/asap7sc7p5t_SIMPLE_SLVT_FF_nldm_211120.lib.gz line 13222, timing group from output port.
[WARNING STA-0164] ./platforms/asap7/lib/asap7sc7p5t_SIMPLE_SLVT_FF_nldm_211120.lib.gz line 13255, timing group from output port.
[WARNING STA-0164] ./platforms/asap7/lib/asap7sc7p5t_SIMPLE_SLVT_FF_nldm_211120.lib.gz line 13288, timing group from output port.
[WARNING STA-0164] ./platforms/asap7/lib/asap7sc7p5t_SIMPLE_SLVT_FF_nldm_211120.lib.gz line 13321, timing group from output port.
[WARNING STA-0164] ./platforms/asap7/lib/asap7sc7p5t_SIMPLE_SLVT_FF_nldm_211120.lib.gz line 13354, timing group from output port.
[WARNING STA-0164] ./platforms/asap7/lib/asap7sc7p5t_SIMPLE_SLVT_FF_nldm_211120.lib.gz line 14748, timing group from output port.
[WARNING STA-0164] ./platforms/asap7/lib/asap7sc7p5t_SIMPLE_SLVT_FF_nldm_211120.lib.gz line 14781, timing group from output port.
[WARNING STA-0164] ./platforms/asap7/lib/asap7sc7p5t_SIMPLE_SLVT_FF_nldm_211120.lib.gz line 14814, timing group from output port.
[INFO GRT-0020] Min routing layer: M2
[INFO GRT-0021] Max routing layer: M7
[INFO GRT-0022] Global adjustment: 0%
[INFO GRT-0023] Grid origin: (0, 0)
[INFO GRT-0043] No OR_DEFAULT vias defined.
[INFO GRT-0088] Layer M1      Track-Pitch = 0.0360  line-2-Via Pitch: 0.0360
[INFO GRT-0088] Layer M2      Track-Pitch = 0.0390  line-2-Via Pitch: 0.0360
[INFO GRT-0088] Layer M3      Track-Pitch = 0.0360  line-2-Via Pitch: 0.0360
[INFO GRT-0088] Layer M4      Track-Pitch = 0.0480  line-2-Via Pitch: 0.0480
[INFO GRT-0088] Layer M5      Track-Pitch = 0.0480  line-2-Via Pitch: 0.0480
[INFO GRT-0088] Layer M6      Track-Pitch = 0.0640  line-2-Via Pitch: 0.0640
[INFO GRT-0088] Layer M7      Track-Pitch = 0.0640  line-2-Via Pitch: 0.0640
[INFO GRT-0019] Found 23 clock nets.
[INFO GRT-0001] Minimum degree: 2
[INFO GRT-0002] Maximum degree: 26
[INFO GRT-0003] Macros: 0
[INFO GRT-0004] Blockages: 81

[INFO GRT-0053] Routing resources analysis:
          Routing      Original      Derated      Resource
Layer     Direction    Resources     Resources    Reduction (%)
---------------------------------------------------------------
M1         Vertical            0             0          0.00%
M2         Horizontal       3757          1325          64.73%
M3         Vertical         4335          2241          48.30%
M4         Horizontal       3179          1620          49.04%
M5         Vertical         3179          1587          50.08%
M6         Horizontal       2312          1280          44.64%
M7         Vertical         2312          1280          44.64%
---------------------------------------------------------------

[INFO GRT-0197] Via related to pin nodes: 749
[INFO GRT-0198] Via related Steiner nodes: 16
[INFO GRT-0199] Via filling finished.
[INFO GRT-0111] Final number of vias: 830
[INFO GRT-0112] Final usage 3D: 3047

[INFO GRT-0096] Final congestion report:
Layer         Resource        Demand        Usage (%)    Max H / Max V / Total Overflow
---------------------------------------------------------------------------------------
M1                   0             0            0.00%             0 /  0 /  0
M2                1325           249           18.79%             0 /  0 /  0
M3                2241           283           12.63%             0 /  0 /  0
M4                1620            25            1.54%             0 /  0 /  0
M5                1587             0            0.00%             0 /  0 /  0
M6                1280             0            0.00%             0 /  0 /  0
M7                1280             0            0.00%             0 /  0 /  0
---------------------------------------------------------------------------------------
Total             9333           557            5.97%             0 /  0 /  0

[INFO GRT-0018] Total wirelength: 535 um
[INFO GRT-0014] Routed nets: 176

==========================================================================
global route check_setup
--------------------------------------------------------------------------
Warning: There are 11 input ports missing set_input_delay.
Warning: There is 1 output port missing set_output_delay.
Warning: There are 8 unclocked register/latch pins.
Warning: There are 9 unconstrained endpoints.

==========================================================================
global route report_tns
--------------------------------------------------------------------------
tns 0.00

==========================================================================
global route report_wns
--------------------------------------------------------------------------
wns 0.00

==========================================================================
global route report_worst_slack
--------------------------------------------------------------------------
worst slack 40.04

==========================================================================
global route report_clock_skew
--------------------------------------------------------------------------
Clock clk
Latency      CRPR       Skew
_265_/CLK v
  35.57
_260_/CLK v
  34.79      0.00       0.78


==========================================================================
global route report_checks -path_delay min
--------------------------------------------------------------------------
Startpoint: _272_ (falling edge-triggered flip-flop clocked by clk')
Endpoint: _272_ (falling edge-triggered flip-flop clocked by clk')
Path Group: clk
Path Type: min

Fanout     Cap    Slew   Delay    Time   Description
-----------------------------------------------------------------------------
                          0.00    0.00   clock clk' (fall edge)
                          0.00    0.00   clock source latency
                  0.00    0.00    0.00 ^ clk (in)
     1    1.33                           clk (net)
                  0.24    0.07    0.07 ^ clkbuf_0_clk/A (BUFx4_ASAP7_75t_SL)
                  7.56   12.41   12.48 ^ clkbuf_0_clk/Y (BUFx4_ASAP7_75t_SL)
     2    1.53                           clknet_0_clk (net)
                  7.56    0.05   12.54 ^ clkbuf_1_1__f_clk/A (BUFx4_ASAP7_75t_SL)
                 14.74   17.87   30.40 ^ clkbuf_1_1__f_clk/Y (BUFx4_ASAP7_75t_SL)
     9    7.98                           clknet_1_1__leaf_clk (net)
                 14.74    0.18   30.59 ^ _144__1/A (INVx1_ASAP7_75t_SL)
                  7.69    4.50   35.08 v _144__1/Y (INVx1_ASAP7_75t_SL)
     1    0.86                           net13 (net)
                  7.69    0.06   35.14 v _272_/CLK (DFFLQNx1_ASAP7_75t_SL)
                 15.36   28.24   63.38 v _272_/QN (DFFLQNx1_ASAP7_75t_SL)
     2    1.77                           _009_ (net)
                 15.37    0.09   63.46 v _151_/B (OA21x2_ASAP7_75t_SL)
                  5.99   10.85   74.32 v _151_/Y (OA21x2_ASAP7_75t_SL)
     1    1.34                           _124_ (net)
                  6.00    0.05   74.36 v _152_/B (NOR2x1_ASAP7_75t_SL)
                  7.96    4.99   79.36 ^ _152_/Y (NOR2x1_ASAP7_75t_SL)
     1    0.95                           _047_ (net)
                  7.97    0.06   79.42 ^ _272_/D (DFFLQNx1_ASAP7_75t_SL)
                                 79.42   data arrival time

                          0.00    0.00   clock clk' (fall edge)
                          0.00    0.00   clock source latency
                  0.00    0.00    0.00 ^ clk (in)
     1    1.33                           clk (net)
                  0.24    0.07    0.07 ^ clkbuf_0_clk/A (BUFx4_ASAP7_75t_SL)
                  7.56   12.41   12.48 ^ clkbuf_0_clk/Y (BUFx4_ASAP7_75t_SL)
     2    1.53                           clknet_0_clk (net)
                  7.56    0.05   12.54 ^ clkbuf_1_1__f_clk/A (BUFx4_ASAP7_75t_SL)
                 14.74   17.87   30.40 ^ clkbuf_1_1__f_clk/Y (BUFx4_ASAP7_75t_SL)
     9    7.98                           clknet_1_1__leaf_clk (net)
                 14.74    0.18   30.59 ^ _144__1/A (INVx1_ASAP7_75t_SL)
                  7.69    4.50   35.08 v _144__1/Y (INVx1_ASAP7_75t_SL)
     1    0.86                           net13 (net)
                  7.69    0.06   35.14 v _272_/CLK (DFFLQNx1_ASAP7_75t_SL)
                          0.00   35.14   clock reconvergence pessimism
                          7.96   43.09   library hold time
                                 43.09   data required time
-----------------------------------------------------------------------------
                                 43.09   data required time
                                -79.42   data arrival time
-----------------------------------------------------------------------------
                                 36.32   slack (MET)



==========================================================================
global route report_checks -path_delay max
--------------------------------------------------------------------------
Startpoint: _261_ (falling edge-triggered flip-flop clocked by clk')
Endpoint: _260_ (falling edge-triggered flip-flop clocked by clk')
Path Group: clk
Path Type: max

Fanout     Cap    Slew   Delay    Time   Description
-----------------------------------------------------------------------------
                          0.00    0.00   clock clk' (fall edge)
                          0.00    0.00   clock source latency
                  0.00    0.00    0.00 ^ clk (in)
     1    1.33                           clk (net)
                  0.24    0.07    0.07 ^ clkbuf_0_clk/A (BUFx4_ASAP7_75t_SL)
                  7.56   12.41   12.48 ^ clkbuf_0_clk/Y (BUFx4_ASAP7_75t_SL)
     2    1.53                           clknet_0_clk (net)
                  7.56    0.05   12.54 ^ clkbuf_1_0__f_clk/A (BUFx4_ASAP7_75t_SL)
                 15.76   18.32   30.86 ^ clkbuf_1_0__f_clk/Y (BUFx4_ASAP7_75t_SL)
    10    8.79                           clknet_1_0__leaf_clk (net)
                 15.77    0.26   31.12 ^ _144__12/A (INVx1_ASAP7_75t_SL)
                  7.60    4.35   35.47 v _144__12/Y (INVx1_ASAP7_75t_SL)
     1    0.79                           net24 (net)
                  7.60    0.05   35.52 v _261_/CLK (DFFLQNx2_ASAP7_75t_SL)
                 15.00   30.26   65.77 ^ _261_/QN (DFFLQNx2_ASAP7_75t_SL)
     1    1.30                           _020_ (net)
                 15.00    0.06   65.83 ^ _173_/B (NAND2x1_ASAP7_75t_SL)
                  7.89    3.78   69.62 v _173_/Y (NAND2x1_ASAP7_75t_SL)
     1    0.61                           _055_ (net)
                  7.89    0.02   69.64 v _174_/B (OA211x2_ASAP7_75t_SL)
                 11.08   19.82   89.46 v _174_/Y (OA211x2_ASAP7_75t_SL)
     1    1.15                           _035_ (net)
                 11.08    0.10   89.56 v _260_/D (DFFLQNx1_ASAP7_75t_SL)
                                 89.56   data arrival time

                        100.00  100.00   clock clk' (fall edge)
                          0.00  100.00   clock source latency
                  0.00    0.00  100.00 ^ clk (in)
     1    1.33                           clk (net)
                  0.24    0.07  100.07 ^ clkbuf_0_clk/A (BUFx4_ASAP7_75t_SL)
                  7.56   12.41  112.48 ^ clkbuf_0_clk/Y (BUFx4_ASAP7_75t_SL)
     2    1.53                           clknet_0_clk (net)
                  7.56    0.05  112.54 ^ clkbuf_1_1__f_clk/A (BUFx4_ASAP7_75t_SL)
                 14.74   17.87  130.40 ^ clkbuf_1_1__f_clk/Y (BUFx4_ASAP7_75t_SL)
     9    7.98                           clknet_1_1__leaf_clk (net)
                 14.75    0.25  130.66 ^ _144__13/A (INVx1_ASAP7_75t_SL)
                  7.10    4.11  134.77 v _144__13/Y (INVx1_ASAP7_75t_SL)
     1    0.71                           net25 (net)
                  7.10    0.03  134.79 v _260_/CLK (DFFLQNx1_ASAP7_75t_SL)
                          0.00  134.79   clock reconvergence pessimism
                         -5.19  129.60   library setup time
                                129.60   data required time
-----------------------------------------------------------------------------
                                129.60   data required time
                                -89.56   data arrival time
-----------------------------------------------------------------------------
                                 40.04   slack (MET)



==========================================================================
global route report_checks -unconstrained
--------------------------------------------------------------------------
Startpoint: _261_ (falling edge-triggered flip-flop clocked by clk')
Endpoint: _260_ (falling edge-triggered flip-flop clocked by clk')
Path Group: clk
Path Type: max

Fanout     Cap    Slew   Delay    Time   Description
-----------------------------------------------------------------------------
                          0.00    0.00   clock clk' (fall edge)
                          0.00    0.00   clock source latency
                  0.00    0.00    0.00 ^ clk (in)
     1    1.33                           clk (net)
                  0.24    0.07    0.07 ^ clkbuf_0_clk/A (BUFx4_ASAP7_75t_SL)
                  7.56   12.41   12.48 ^ clkbuf_0_clk/Y (BUFx4_ASAP7_75t_SL)
     2    1.53                           clknet_0_clk (net)
                  7.56    0.05   12.54 ^ clkbuf_1_0__f_clk/A (BUFx4_ASAP7_75t_SL)
                 15.76   18.32   30.86 ^ clkbuf_1_0__f_clk/Y (BUFx4_ASAP7_75t_SL)
    10    8.79                           clknet_1_0__leaf_clk (net)
                 15.77    0.26   31.12 ^ _144__12/A (INVx1_ASAP7_75t_SL)
                  7.60    4.35   35.47 v _144__12/Y (INVx1_ASAP7_75t_SL)
     1    0.79                           net24 (net)
                  7.60    0.05   35.52 v _261_/CLK (DFFLQNx2_ASAP7_75t_SL)
                 15.00   30.26   65.77 ^ _261_/QN (DFFLQNx2_ASAP7_75t_SL)
     1    1.30                           _020_ (net)
                 15.00    0.06   65.83 ^ _173_/B (NAND2x1_ASAP7_75t_SL)
                  7.89    3.78   69.62 v _173_/Y (NAND2x1_ASAP7_75t_SL)
     1    0.61                           _055_ (net)
                  7.89    0.02   69.64 v _174_/B (OA211x2_ASAP7_75t_SL)
                 11.08   19.82   89.46 v _174_/Y (OA211x2_ASAP7_75t_SL)
     1    1.15                           _035_ (net)
                 11.08    0.10   89.56 v _260_/D (DFFLQNx1_ASAP7_75t_SL)
                                 89.56   data arrival time

                        100.00  100.00   clock clk' (fall edge)
                          0.00  100.00   clock source latency
                  0.00    0.00  100.00 ^ clk (in)
     1    1.33                           clk (net)
                  0.24    0.07  100.07 ^ clkbuf_0_clk/A (BUFx4_ASAP7_75t_SL)
                  7.56   12.41  112.48 ^ clkbuf_0_clk/Y (BUFx4_ASAP7_75t_SL)
     2    1.53                           clknet_0_clk (net)
                  7.56    0.05  112.54 ^ clkbuf_1_1__f_clk/A (BUFx4_ASAP7_75t_SL)
                 14.74   17.87  130.40 ^ clkbuf_1_1__f_clk/Y (BUFx4_ASAP7_75t_SL)
     9    7.98                           clknet_1_1__leaf_clk (net)
                 14.75    0.25  130.66 ^ _144__13/A (INVx1_ASAP7_75t_SL)
                  7.10    4.11  134.77 v _144__13/Y (INVx1_ASAP7_75t_SL)
     1    0.71                           net25 (net)
                  7.10    0.03  134.79 v _260_/CLK (DFFLQNx1_ASAP7_75t_SL)
                          0.00  134.79   clock reconvergence pessimism
                         -5.19  129.60   library setup time
                                129.60   data required time
-----------------------------------------------------------------------------
                                129.60   data required time
                                -89.56   data arrival time
-----------------------------------------------------------------------------
                                 40.04   slack (MET)



==========================================================================
global route report_check_types -max_slew -max_cap -max_fanout -violators
--------------------------------------------------------------------------

==========================================================================
global route max_slew_check_slack
--------------------------------------------------------------------------
296.244140625

==========================================================================
global route max_slew_check_limit
--------------------------------------------------------------------------
320.0

==========================================================================
global route max_slew_check_slack_limit
--------------------------------------------------------------------------
0.9258

==========================================================================
global route max_fanout_check_slack
--------------------------------------------------------------------------
1.0000000150474662e+30

==========================================================================
global route max_fanout_check_limit
--------------------------------------------------------------------------
1.0000000150474662e+30

==========================================================================
global route max_capacitance_check_slack
--------------------------------------------------------------------------
22.052745819091797

==========================================================================
global route max_capacitance_check_limit
--------------------------------------------------------------------------
23.040000915527344

==========================================================================
global route max_capacitance_check_slack_limit
--------------------------------------------------------------------------
0.9572

==========================================================================
global route max_slew_violation_count
--------------------------------------------------------------------------
max slew violation count 0

==========================================================================
global route max_fanout_violation_count
--------------------------------------------------------------------------
max fanout violation count 0

==========================================================================
global route max_cap_violation_count
--------------------------------------------------------------------------
max cap violation count 0

==========================================================================
global route setup_violation_count
--------------------------------------------------------------------------
setup violation count 0

==========================================================================
global route hold_violation_count
--------------------------------------------------------------------------
hold violation count 0

==========================================================================
global route critical path delay
--------------------------------------------------------------------------
89.5637

==========================================================================
global route critical path slack
--------------------------------------------------------------------------
40.0377

==========================================================================
global route slack div critical path delay
--------------------------------------------------------------------------
44.703044

==========================================================================
global route report_design_area
--------------------------------------------------------------------------
Design area 22 u^2 38% utilization.


==========================================================================
check_antennas
--------------------------------------------------------------------------
[WARNING ANT-0011] -report_violating_nets is deprecated.
[INFO GRT-0043] No OR_DEFAULT vias defined.
[INFO ANT-0002] Found 0 net violations.
[INFO ANT-0001] Found 0 pin violations.
[INFO FLW-0007] clock clk period 100.000000
[INFO FLW-0008] Clock clk period 56.964
[INFO FLW-0009] Clock clk slack 40.038
[INFO FLW-0011] Path endpoint count 28
Elapsed time: 0:01.56[h:]min:sec. CPU time: user 1.36 sys 0.19 (99%). Peak memory: 249780KB.
